<?xml version="1.0" encoding="UTF-8"?>
<!-- Generated by org.testng.reporters.JUnitReportReporter -->
<testsuite hostname="amber-g8" failures="0" tests="4" name="com.learnautomation.testcases.LoginTest" time="24.762" errors="0" timestamp="2022-12-20T19:20:43 PKT" skipped="0">
  <testcase classname="com.learnautomation.testcases.LoginTest" name="login" time="7.982"/>
  <system-out/>
  <testcase classname="com.learnautomation.testcases.LoginTest" name="login" time="7.681"/>
  <system-out/>
  <testcase classname="com.learnautomation.testcases.LoginTest" name="logout" time="4.149"/>
  <system-out/>
  <testcase classname="com.learnautomation.testcases.LoginTest" name="logout" time="4.950"/>
  <system-out/>
</testsuite> <!-- com.learnautomation.testcases.LoginTest -->
