<?xml version="1.0" encoding="UTF-8"?>
<!-- Generated by org.testng.reporters.JUnitReportReporter -->
<testsuite hostname="amber-g8" failures="0" tests="4" name="com.learnautomation.testcases.LoginTest" time="22.174" errors="0" timestamp="2022-11-16T08:13:10 PKT" skipped="0">
  <testcase classname="com.learnautomation.testcases.LoginTest" name="login" time="7.220"/>
  <system-out/>
  <testcase classname="com.learnautomation.testcases.LoginTest" name="login" time="7.412"/>
  <system-out/>
  <testcase classname="com.learnautomation.testcases.LoginTest" name="logout" time="3.768"/>
  <system-out/>
  <testcase classname="com.learnautomation.testcases.LoginTest" name="logout" time="3.774"/>
  <system-out/>
</testsuite> <!-- com.learnautomation.testcases.LoginTest -->
