<?xml version="1.0" encoding="UTF-8"?>
<!-- Generated by org.testng.reporters.JUnitReportReporter -->
<testsuite hostname="amber-g8" failures="0" tests="2" name="com.learnautomation.testcases.LoginTest" time="8.275" errors="0" timestamp="2022-11-15T17:34:11 PKT" skipped="0">
  <testcase classname="com.learnautomation.testcases.LoginTest" name="login" time="5.236"/>
  <system-out/>
  <testcase classname="com.learnautomation.testcases.LoginTest" name="logout" time="3.039"/>
  <system-out/>
</testsuite> <!-- com.learnautomation.testcases.LoginTest -->
